<?xml version="1.0" encoding="UTF-8"?>
<!-- Generated by org.testng.reporters.JUnitReportReporter -->
<testsuite hostname="2DI3052" name="tests.TC_001_Verify_Message" tests="1" failures="0" timestamp="10 Jan 2020 13:26:49 GMT" time="14.657" errors="0">
  <testcase name="Valid_Test" time="14.657" classname="tests.TC_001_Verify_Message"/>
</testsuite> <!-- tests.TC_001_Verify_Message -->
